This file contains any messages produced by compilers while
running configure, to aid debugging if configure makes a mistake.

It was created by ATS2/Postiats configure 0.2.9, which was
generated by GNU Autoconf 2.69.  Invocation command line was

  $ ./configure 

## --------- ##
## Platform. ##
## --------- ##

hostname = hongwei-t440p
uname -m = x86_64
uname -r = 3.19.0-61-generic
uname -s = Linux
uname -v = #69~14.04.1-Ubuntu SMP Thu Jun 9 09:09:13 UTC 2016

/usr/bin/uname -p = unknown
/bin/uname -X     = unknown

/bin/arch              = unknown
/usr/bin/arch -k       = unknown
/usr/convex/getsysinfo = unknown
/usr/bin/hostinfo      = unknown
/bin/machine           = unknown
/usr/bin/oslevel       = unknown
/bin/universe          = unknown

PATH: /opt/OpenPrinting-Gutenprint/sbin
PATH: /opt/OpenPrinting-Gutenprint/bin
PATH: /usr/local/sbin
PATH: /usr/local/bin
PATH: /usr/sbin
PATH: /usr/bin
PATH: /sbin
PATH: /bin
PATH: /usr/games
PATH: /usr/local/games
PATH: /home/hwxi/Research/ATS-Anairiats/bin
PATH: /home/hwxi/Research/ATS-Postiats/bin
PATH: /home/hwxi/Research/z3-4.4.0-x64-debian-7.8/bin
PATH: /home/hwxi/Research/cvc4-1.4/builds/bin
PATH: /home/hwxi/Research/dreal3/bin
PATH: /home/hwxi/Research/ATS-Anairiats/bin
PATH: /home/hwxi/Research/ATS-Postiats/bin
PATH: /home/hwxi/Research/z3-4.4.0-x64-debian-7.8/bin
PATH: /home/hwxi/Research/cvc4-1.4/builds/bin
PATH: /home/hwxi/Research/dreal3/bin


## ----------- ##
## Core tests. ##
## ----------- ##

configure:2335: checking for gcc
configure:2351: found /usr/bin/gcc
configure:2362: result: gcc
configure:2591: checking for C compiler version
configure:2600: gcc --version >&5
gcc (Ubuntu 4.9.3-8ubuntu2~14.04) 4.9.3
Copyright (C) 2015 Free Software Foundation, Inc.
This is free software; see the source for copying conditions.  There is NO
warranty; not even for MERCHANTABILITY or FITNESS FOR A PARTICULAR PURPOSE.

configure:2611: $? = 0
configure:2600: gcc -v >&5
Using built-in specs.
COLLECT_GCC=gcc
COLLECT_LTO_WRAPPER=/usr/lib/gcc/x86_64-linux-gnu/4.9/lto-wrapper
Target: x86_64-linux-gnu
Configured with: ../src/configure -v --with-pkgversion='Ubuntu 4.9.3-8ubuntu2~14.04' --with-bugurl=file:///usr/share/doc/gcc-4.9/README.Bugs --enable-languages=c,c++,java,go,d,fortran,objc,obj-c++ --prefix=/usr --program-suffix=-4.9 --enable-shared --enable-linker-build-id --libexecdir=/usr/lib --without-included-gettext --enable-threads=posix --with-gxx-include-dir=/usr/include/c++/4.9 --libdir=/usr/lib --enable-nls --with-sysroot=/ --enable-clocale=gnu --enable-libstdcxx-debug --enable-libstdcxx-time=yes --enable-gnu-unique-object --disable-vtable-verify --enable-plugin --with-system-zlib --disable-browser-plugin --enable-java-awt=gtk --enable-gtk-cairo --with-java-home=/usr/lib/jvm/java-1.5.0-gcj-4.9-amd64/jre --enable-java-home --with-jvm-root-dir=/usr/lib/jvm/java-1.5.0-gcj-4.9-amd64 --with-jvm-jar-dir=/usr/lib/jvm-exports/java-1.5.0-gcj-4.9-amd64 --with-arch-directory=amd64 --with-ecj-jar=/usr/share/java/eclipse-ecj.jar --enable-objc-gc --enable-multiarch --disable-werror --with-arch-32=i686 --with-abi=m64 --with-multilib-list=m32,m64,mx32 --enable-multilib --with-tune=generic --enable-checking=release --build=x86_64-linux-gnu --host=x86_64-linux-gnu --target=x86_64-linux-gnu
Thread model: posix
gcc version 4.9.3 (Ubuntu 4.9.3-8ubuntu2~14.04) 
configure:2611: $? = 0
configure:2600: gcc -V >&5
gcc: error: unrecognized command line option '-V'
gcc: fatal error: no input files
compilation terminated.
configure:2611: $? = 4
configure:2600: gcc -qversion >&5
gcc: error: unrecognized command line option '-qversion'
gcc: fatal error: no input files
compilation terminated.
configure:2611: $? = 4
configure:2631: checking whether the C compiler works
configure:2653: gcc    conftest.c  >&5
configure:2657: $? = 0
configure:2705: result: yes
configure:2708: checking for C compiler default output file name
configure:2710: result: a.out
configure:2716: checking for suffix of executables
configure:2723: gcc -o conftest    conftest.c  >&5
configure:2727: $? = 0
configure:2749: result: 
configure:2771: checking whether we are cross compiling
configure:2779: gcc -o conftest    conftest.c  >&5
configure:2783: $? = 0
configure:2790: ./conftest
configure:2794: $? = 0
configure:2809: result: no
configure:2814: checking for suffix of object files
configure:2836: gcc -c   conftest.c >&5
configure:2840: $? = 0
configure:2861: result: o
configure:2865: checking whether we are using the GNU C compiler
configure:2884: gcc -c   conftest.c >&5
configure:2884: $? = 0
configure:2893: result: yes
configure:2902: checking whether gcc accepts -g
configure:2922: gcc -c -g  conftest.c >&5
configure:2922: $? = 0
configure:2963: result: yes
configure:2980: checking for gcc option to accept ISO C89
configure:3043: gcc  -c -g -O2  conftest.c >&5
configure:3043: $? = 0
configure:3056: result: none needed
configure:3119: checking for a BSD-compatible install
configure:3187: result: /usr/bin/install -c
configure:3198: checking for a thread-safe mkdir -p
configure:3237: result: /bin/mkdir -p
configure:3240: checking whether ln -s works
configure:3244: result: yes
configure:3258: checking how to run the C preprocessor
configure:3289: gcc -E  conftest.c
configure:3289: $? = 0
configure:3303: gcc -E  conftest.c
conftest.c:9:28: fatal error: ac_nonexistent.h: No such file or directory
 #include <ac_nonexistent.h>
                            ^
compilation terminated.
configure:3303: $? = 1
configure: failed program was:
| /* confdefs.h */
| #define PACKAGE_NAME "ATS2/Postiats"
| #define PACKAGE_TARNAME "ats2-postiats"
| #define PACKAGE_VERSION "0.2.9"
| #define PACKAGE_STRING "ATS2/Postiats 0.2.9"
| #define PACKAGE_BUGREPORT "gmpostiats@gmail.com"
| #define PACKAGE_URL ""
| /* end confdefs.h.  */
| #include <ac_nonexistent.h>
configure:3328: result: gcc -E
configure:3348: gcc -E  conftest.c
configure:3348: $? = 0
configure:3362: gcc -E  conftest.c
conftest.c:9:28: fatal error: ac_nonexistent.h: No such file or directory
 #include <ac_nonexistent.h>
                            ^
compilation terminated.
configure:3362: $? = 1
configure: failed program was:
| /* confdefs.h */
| #define PACKAGE_NAME "ATS2/Postiats"
| #define PACKAGE_TARNAME "ats2-postiats"
| #define PACKAGE_VERSION "0.2.9"
| #define PACKAGE_STRING "ATS2/Postiats 0.2.9"
| #define PACKAGE_BUGREPORT "gmpostiats@gmail.com"
| #define PACKAGE_URL ""
| /* end confdefs.h.  */
| #include <ac_nonexistent.h>
configure:3391: checking for grep that handles long lines and -e
configure:3449: result: /bin/grep
configure:3454: checking for egrep
configure:3516: result: /bin/grep -E
configure:3521: checking for ANSI C header files
configure:3541: gcc -c -g -O2  conftest.c >&5
configure:3541: $? = 0
configure:3614: gcc -o conftest -g -O2   conftest.c  >&5
configure:3614: $? = 0
configure:3614: ./conftest
configure:3614: $? = 0
configure:3625: result: yes
configure:3638: checking for sys/types.h
configure:3638: gcc -c -g -O2  conftest.c >&5
configure:3638: $? = 0
configure:3638: result: yes
configure:3638: checking for sys/stat.h
configure:3638: gcc -c -g -O2  conftest.c >&5
configure:3638: $? = 0
configure:3638: result: yes
configure:3638: checking for stdlib.h
configure:3638: gcc -c -g -O2  conftest.c >&5
configure:3638: $? = 0
configure:3638: result: yes
configure:3638: checking for string.h
configure:3638: gcc -c -g -O2  conftest.c >&5
configure:3638: $? = 0
configure:3638: result: yes
configure:3638: checking for memory.h
configure:3638: gcc -c -g -O2  conftest.c >&5
configure:3638: $? = 0
configure:3638: result: yes
configure:3638: checking for strings.h
configure:3638: gcc -c -g -O2  conftest.c >&5
configure:3638: $? = 0
configure:3638: result: yes
configure:3638: checking for inttypes.h
configure:3638: gcc -c -g -O2  conftest.c >&5
configure:3638: $? = 0
configure:3638: result: yes
configure:3638: checking for stdint.h
configure:3638: gcc -c -g -O2  conftest.c >&5
configure:3638: $? = 0
configure:3638: result: yes
configure:3638: checking for unistd.h
configure:3638: gcc -c -g -O2  conftest.c >&5
configure:3638: $? = 0
configure:3638: result: yes
configure:3652: checking gmp.h usability
configure:3652: gcc -c -g -O2  conftest.c >&5
configure:3652: $? = 0
configure:3652: result: yes
configure:3652: checking gmp.h presence
configure:3652: gcc -E  conftest.c
configure:3652: $? = 0
configure:3652: result: yes
configure:3652: checking for gmp.h
configure:3652: result: yes
configure:3669: checking size of void*
configure:3674: gcc -o conftest -g -O2   conftest.c  >&5
configure:3674: $? = 0
configure:3674: ./conftest
configure:3674: $? = 0
configure:3688: result: 8
configure:3701: checking for posix_memalign
configure:3701: gcc -o conftest -g -O2   conftest.c  >&5
conftest.c:44:6: warning: conflicting types for built-in function 'posix_memalign'
 char posix_memalign ();
      ^
configure:3701: $? = 0
configure:3701: result: yes
configure:3701: checking for memalign
configure:3701: gcc -o conftest -g -O2   conftest.c  >&5
configure:3701: $? = 0
configure:3701: result: yes
configure:3825: creating ./config.status

## ---------------------- ##
## Running config.status. ##
## ---------------------- ##

This file was extended by ATS2/Postiats config.status 0.2.9, which was
generated by GNU Autoconf 2.69.  Invocation command line was

  CONFIG_FILES    = 
  CONFIG_HEADERS  = 
  CONFIG_LINKS    = 
  CONFIG_COMMANDS = 
  $ ./config.status 

on hongwei-t440p

config.status:811: creating config.mk
config.status:811: creating bin/patscc_env.sh
config.status:811: creating bin/patsopt_env.sh
config.status:811: creating config.h
config.status:992: config.h is unchanged

## ---------------- ##
## Cache variables. ##
## ---------------- ##

ac_cv_c_compiler_gnu=yes
ac_cv_env_CC_set=
ac_cv_env_CC_value=
ac_cv_env_CFLAGS_set=
ac_cv_env_CFLAGS_value=
ac_cv_env_CPPFLAGS_set=
ac_cv_env_CPPFLAGS_value=
ac_cv_env_CPP_set=
ac_cv_env_CPP_value=
ac_cv_env_LDFLAGS_set=
ac_cv_env_LDFLAGS_value=
ac_cv_env_LIBS_set=
ac_cv_env_LIBS_value=
ac_cv_env_build_alias_set=
ac_cv_env_build_alias_value=
ac_cv_env_host_alias_set=
ac_cv_env_host_alias_value=
ac_cv_env_target_alias_set=
ac_cv_env_target_alias_value=
ac_cv_func_memalign=yes
ac_cv_func_posix_memalign=yes
ac_cv_header_gmp_h=yes
ac_cv_header_inttypes_h=yes
ac_cv_header_memory_h=yes
ac_cv_header_stdc=yes
ac_cv_header_stdint_h=yes
ac_cv_header_stdlib_h=yes
ac_cv_header_string_h=yes
ac_cv_header_strings_h=yes
ac_cv_header_sys_stat_h=yes
ac_cv_header_sys_types_h=yes
ac_cv_header_unistd_h=yes
ac_cv_objext=o
ac_cv_path_EGREP='/bin/grep -E'
ac_cv_path_GREP=/bin/grep
ac_cv_path_install='/usr/bin/install -c'
ac_cv_path_mkdir=/bin/mkdir
ac_cv_prog_CPP='gcc -E'
ac_cv_prog_ac_ct_CC=gcc
ac_cv_prog_cc_c89=
ac_cv_prog_cc_g=yes
ac_cv_sizeof_voidp=8

## ----------------- ##
## Output variables. ##
## ----------------- ##

CC='gcc'
CFLAGS='-g -O2'
CPP='gcc -E'
CPPFLAGS=''
DEFS='-DHAVE_CONFIG_H'
ECHO_C=''
ECHO_N='-n'
ECHO_T=''
EGREP='/bin/grep -E'
EXEEXT=''
GREP='/bin/grep'
HAVE_LIBGMP='yes'
INSTALL_DATA='${INSTALL} -m 644'
INSTALL_PROGRAM='${INSTALL}'
INSTALL_SCRIPT='${INSTALL}'
LDFLAGS=''
LIBOBJS=''
LIBS=''
LN_S='ln -s'
LTLIBOBJS=''
MKDIR_P='/bin/mkdir -p'
OBJEXT='o'
PACKAGE_BUGREPORT='gmpostiats@gmail.com'
PACKAGE_NAME='ATS2/Postiats'
PACKAGE_STRING='ATS2/Postiats 0.2.9'
PACKAGE_TARNAME='ats2-postiats'
PACKAGE_URL=''
PACKAGE_VERSION='0.2.9'
PATH_SEPARATOR=':'
SHELL='/bin/bash'
ac_ct_CC='gcc'
bindir='${exec_prefix}/bin'
build_alias=''
datadir='${datarootdir}'
datarootdir='${prefix}/share'
docdir='${datarootdir}/doc/${PACKAGE_TARNAME}'
dvidir='${docdir}'
exec_prefix='${prefix}'
host_alias=''
htmldir='${docdir}'
includedir='${prefix}/include'
infodir='${datarootdir}/info'
libdir='${exec_prefix}/lib'
libexecdir='${exec_prefix}/libexec'
localedir='${datarootdir}/locale'
localstatedir='${prefix}/var'
mandir='${datarootdir}/man'
oldincludedir='/usr/include'
pdfdir='${docdir}'
prefix='/usr/local'
program_transform_name='s,x,x,'
psdir='${docdir}'
sbindir='${exec_prefix}/sbin'
sharedstatedir='${prefix}/com'
sysconfdir='${prefix}/etc'
target_alias=''

## ----------- ##
## confdefs.h. ##
## ----------- ##

/* confdefs.h */
#define PACKAGE_NAME "ATS2/Postiats"
#define PACKAGE_TARNAME "ats2-postiats"
#define PACKAGE_VERSION "0.2.9"
#define PACKAGE_STRING "ATS2/Postiats 0.2.9"
#define PACKAGE_BUGREPORT "gmpostiats@gmail.com"
#define PACKAGE_URL ""
#define STDC_HEADERS 1
#define HAVE_SYS_TYPES_H 1
#define HAVE_SYS_STAT_H 1
#define HAVE_STDLIB_H 1
#define HAVE_STRING_H 1
#define HAVE_MEMORY_H 1
#define HAVE_STRINGS_H 1
#define HAVE_INTTYPES_H 1
#define HAVE_STDINT_H 1
#define HAVE_UNISTD_H 1
#define HAVE_GMP_H 1
#define SIZEOF_VOIDP 8
#define HAVE_POSIX_MEMALIGN 1
#define HAVE_MEMALIGN 1

configure: exit 0
